<?xml version="1.0" encoding="UTF-8"?>
<testng-results ignored="0" total="2" passed="2" failed="0" skipped="0">
  <reporter-output>
  </reporter-output>
  <suite started-at="2022-11-03T23:39:03 IST" name="Suite1" finished-at="2022-11-03T23:39:31 IST" duration-ms="27303">
    <groups>
    </groups>
    <test started-at="2022-11-03T23:39:03 IST" name="Test1" finished-at="2022-11-03T23:39:31 IST" duration-ms="27303">
      <class name="test.GoogleSearchTestNG">
        <test-method is-config="true" signature="setUpTest()[pri:0, instance:test.GoogleSearchTestNG@2c1b194a]" started-at="2022-11-03T23:39:03 IST" name="setUpTest" finished-at="2022-11-03T23:39:06 IST" duration-ms="2623" status="PASS">
          <reporter-output>
          </reporter-output>
        </test-method> <!-- setUpTest -->
        <test-method signature="googleSearch()[pri:0, instance:test.GoogleSearchTestNG@2c1b194a]" started-at="2022-11-03T23:39:07 IST" name="googleSearch" finished-at="2022-11-03T23:39:12 IST" duration-ms="4511" status="PASS">
          <reporter-output>
          </reporter-output>
        </test-method> <!-- googleSearch -->
        <test-method is-config="true" signature="tearDownTest()[pri:0, instance:test.GoogleSearchTestNG@2c1b194a]" started-at="2022-11-03T23:39:14 IST" name="tearDownTest" finished-at="2022-11-03T23:39:30 IST" duration-ms="16488" status="PASS">
          <reporter-output>
          </reporter-output>
        </test-method> <!-- tearDownTest -->
      </class> <!-- test.GoogleSearchTestNG -->
      <class name="test.GoogleSearchTestNG2">
        <test-method is-config="true" signature="setUpTest()[pri:0, instance:test.GoogleSearchTestNG2@1e1a0406]" started-at="2022-11-03T23:39:06 IST" name="setUpTest" finished-at="2022-11-03T23:39:07 IST" duration-ms="1140" status="PASS">
          <reporter-output>
          </reporter-output>
        </test-method> <!-- setUpTest -->
        <test-method signature="googleSearch2()[pri:0, instance:test.GoogleSearchTestNG2@1e1a0406]" started-at="2022-11-03T23:39:07 IST" name="googleSearch2" finished-at="2022-11-03T23:39:14 IST" duration-ms="6654" status="PASS">
          <reporter-output>
          </reporter-output>
        </test-method> <!-- googleSearch2 -->
        <test-method is-config="true" signature="tearDownTest()[pri:0, instance:test.GoogleSearchTestNG2@1e1a0406]" started-at="2022-11-03T23:39:30 IST" name="tearDownTest" finished-at="2022-11-03T23:39:31 IST" duration-ms="338" status="PASS">
          <reporter-output>
          </reporter-output>
        </test-method> <!-- tearDownTest -->
      </class> <!-- test.GoogleSearchTestNG2 -->
    </test> <!-- Test1 -->
  </suite> <!-- Suite1 -->
</testng-results>
